2024-04-02T07:35:18+00:00 DEBUG POST: https://business-api.tiktok.com/tbp/v2.0/business_profile/disconnect?external_data=

{"business_platform":"WOO_COMMERCE","external_business_id":"tt4b_woocommerce_660a8eb762d8d"}
 ajax: no
2024-04-02T07:35:18+00:00 DEBUG Tt4b_Mapi_Class::tbp_post: Response: 

HTTP/1.1 200 OK
Content-Type: application/json; charset=utf-8
Content-Length: 95
X-Api-Deprecation-Info: API for Business Version 1.3 is now live. To avoid disruption to your business, we recommend you migrate all calls to v1.3 as soon as possible. Please visit our migration guide for more details: https://ads.tiktok.com/marketing_api/docs?id=1740029169927169
X-Domain-Change-Info: We have moved to the new domain business-api.tiktok.com for API services after the Platform Upgrade on 09/30/2021. Please update all of your requests with the new domain if you haven't done so already. For more information, please visit https://ads.tiktok.com/marketing_api/docs?rid=esb88xalm6m&id=1709207085043713
X-Tt-Logid: 20240402073518833F5C313D4B8C2A8087
x-tt-trace-host: 011623ee93dd12002b4558d9b6a9c49d2a66d04d20c18ba46306bf56671f4880723d51c7da4dfe8e84474eb47a40b855177c7cb5c72d75ae7aa76cfac11cb4624181ca91c2f97ad1690ab4581ac0652e40dbfb41813e6ed3a1539792149851da819c6c34711c05a4b45e1bd4e3978a458e
x-tt-trace-id: 00-240402073518833F5C313D4B8C2A8087-7F950494148F6C0C-00
Server: TLB
X-Origin-Response-Time: 16,23.211.140.109
X-Akamai-Request-ID: 4b4d8f38.55dbf80
Expires: Tue, 02 Apr 2024 07:35:19 GMT
Cache-Control: max-age=0, no-cache, no-store
Pragma: no-cache
Date: Tue, 02 Apr 2024 07:35:19 GMT
X-Cache: TCP_MISS from a23-47-190-188.deploy.akamaitechnologies.com (AkamaiGHost/11.4.4.1-55336823) (-)
Connection: close
X-Cache-Remote: TCP_MISS from a23-211-140-109.deploy.akamaitechnologies.com (AkamaiGHost/11.4.4.1-55336823) (-)
x-tt-trace-tag: id=16;cdn-cache=miss;type=dyn
Server-Timing: cdn-cache; desc=MISS, edge; dur=3, origin; dur=16
Server-Timing: inner; dur=12
X-Parent-Response-Time: 19,23.47.190.188

{"code":40001,"message":"Permission denied.","request_id":"20240402073518833F5C313D4B8C2A8087"}

2024-04-02T07:35:18+00:00 DEBUG POST: https://business-api.tiktok.com/tbp/v2.0/shop/connection/disconnect?external_data=

--- EMPTY STRING ---
 ajax: no
2024-04-02T07:35:19+00:00 DEBUG Tt4b_Mapi_Class::tts_shop_disconnect: Response: 

HTTP/1.1 200 OK
Content-Type: application/json; charset=utf-8
Content-Length: 95
X-Api-Deprecation-Info: API for Business Version 1.3 is now live. To avoid disruption to your business, we recommend you migrate all calls to v1.3 as soon as possible. Please visit our migration guide for more details: https://ads.tiktok.com/marketing_api/docs?id=1740029169927169
X-Domain-Change-Info: We have moved to the new domain business-api.tiktok.com for API services after the Platform Upgrade on 09/30/2021. Please update all of your requests with the new domain if you haven't done so already. For more information, please visit https://ads.tiktok.com/marketing_api/docs?rid=esb88xalm6m&id=1709207085043713
X-Tt-Logid: 202404020735182800E7ABD5B4C82AE8FE
x-tt-trace-host: 011623ee93dd12002b4558d9b6a9c49d2a66d04d20c18ba46306bf56671f4880723d51c7da4dfe8e84474eb47a40b855177c7cb5c72d75ae7aa76cfac11cb46241a8eecdc25616ea55fced7c1b3c8d16221f998283885bfd8e50ddd1f647af569685724fd661cc9932c79a49e293c710a5
x-tt-trace-id: 00-2404020735182800E7ABD5B4C82AE8FE-4170F73F01F1EEA6-00
Server: TLB
X-Origin-Response-Time: 11,23.211.140.109
X-Akamai-Request-ID: 4b4dab9a.55dca4b
Expires: Tue, 02 Apr 2024 07:35:19 GMT
Cache-Control: max-age=0, no-cache, no-store
Pragma: no-cache
Date: Tue, 02 Apr 2024 07:35:19 GMT
X-Cache: TCP_MISS from a23-47-190-188.deploy.akamaitechnologies.com (AkamaiGHost/11.4.4.1-55336823) (-)
Connection: close
X-Cache-Remote: TCP_MISS from a23-211-140-109.deploy.akamaitechnologies.com (AkamaiGHost/11.4.4.1-55336823) (-)
x-tt-trace-tag: id=16;cdn-cache=miss;type=dyn
Server-Timing: cdn-cache; desc=MISS, edge; dur=13, origin; dur=11
Server-Timing: inner; dur=7
X-Parent-Response-Time: 22,23.47.190.188

{"code":40001,"message":"Permission denied.","request_id":"202404020735182800E7ABD5B4C82AE8FE"}

